TypeError: Cannot read property 'length' of undefined - 10:04
TypeError: ENOENT: no such file or directory, unlink 'undefined/undefined' - 10:11
TypeError: Cannot read property 'length' of undefined - 10:13
TypeError: Cannot read property 'length' of undefined - 10:16
TypeError: urlefe is not defined - 10:24
TypeError: Cannot read property 'length' of undefined - 10:24
TypeError: Cannot access 'client' before initialization - 10:27
TypeError: Cannot read property 'length' of undefined - 10:28
TypeError: Cannot read property 'length' of undefined - 10:29
TypeError: Cannot read property 'length' of undefined - 10:31
TypeError: item_id is not defined - 12:06
TypeError: item_id is not defined - 12:07
TypeError: item_id is not defined - 12:10
TypeError: item_id is not defined - 12:12
TypeError: item_id is not defined - 12:15
TypeError: item_id is not defined - 12:18
TypeError: item_id is not defined - 12:22
TypeError: item_id is not defined - 12:29
TypeError: item_id is not defined - 12:56
TypeError: item_id is not defined - 12:57
TypeError: Cannot read property 'length' of undefined - 13:16
TypeError: Cannot read property 'length' of undefined - 13:40
TypeError: Cannot read property 'length' of undefined - 13:41
TypeError: Cannot read property 'length' of undefined - 13:43
TypeError: Cannot read property 'length' of undefined - 13:49
TypeError: Cannot read property 'length' of undefined - 13:53
TypeError: Cannot read property 'length' of undefined - 13:57
TypeError: Cannot read property 'length' of undefined - 14:02
TypeError: Cannot read property 'length' of undefined - 15:40
